Arguments: 
  /home/ayanrocks/.nvm/versions/node/v9.11.1/bin/node /usr/share/yarn/bin/yarn.js add sendgrid

PATH: 
  /home/ayanrocks/.nvm/versions/node/v9.11.1/bin:/home/ayanrocks/bin:/home/ayanrocks/.local/bin:/usr/local/sbin:/usr/local/bin:/usr/sbin:/usr/bin:/sbin:/bin:/usr/games:/usr/local/games:/snap/bin

Yarn version: 
  1.6.0

Node version: 
  9.11.1

Platform: 
  linux x64

Trace: 
  Error: EACCES: permission denied, mkdir '/home/ayanrocks/web/Emaily/node_modules/express/node_modules/raw-body/node_modules/statuses'

npm manifest: 
  {
    "name": "emaily",
    "version": "1.0.0",
    "description": "",
    "main": "index.js",
    "engines": {
      "node": "9.11.1",
      "npm": "5.7.1"
    },
    "scripts": {
      "start": "node index.js",
      "server": "nodemon index.js",
      "client": "npm run start --prefix client",
      "dev": "concurrently \"npm run server\" \"npm run client\"",
      "heroku-postbuild": "NPM_CONFIG_PRODUCTION=false npm install --prefix client && npm run build --prefix client"
    },
    "author": "",
    "license": "ISC",
    "dependencies": {
      "body-parser": "^1.18.3",
      "concurrently": "^3.5.1",
      "cookie-session": "^2.0.0-beta.3",
      "express": "^4.16.3",
      "mongoose": "^5.1.1",
      "passport": "^0.4.0",
      "passport-google-oauth20": "^1.0.0",
      "stripe": "^6.0.0"
    },
    "devDependencies": {}
  }

yarn manifest: 
  No manifest

Lockfile: 
  No lockfile
